# JRE version: OpenJDK Runtime Environment Temurin-21.0.6+7 (21.0.6+7) (build 21.0.6+7-LTS)
# Java VM: OpenJDK 64-Bit Server VM Temurin-21.0.6+7 (21.0.6+7-LTS, mixed mode, sharing, tiered, compressed oops, compressed class ptrs, parallel gc, windows-amd64)
GC Precious Log:
 CardTable entry size: 512
 CPUs: 8 total, 8 available
 Memory: 16122M
 Large Page Support: Disabled
 NUMA Support: Disabled
 Compressed Oops: Enabled (32-bit)
 Alignments: Space 512K, Generation 512K, Heap 2M
 Heap Min Capacity: 100M
 Heap Initial Capacity: 100M
 Heap Max Capacity: 1G
 Pre-touch: Disabled
 Parallel Workers: 8
Heap:
 PSYoungGen      total 5632K, used 5196K [0x00000000eab00000, 0x00000000eb300000, 0x0000000100000000)
  eden space 4096K, 89% used [0x00000000eab00000,0x00000000eae94408,0x00000000eaf00000)
  from space 1536K, 99% used [0x00000000eaf00000,0x00000000eb07ef28,0x00000000eb080000)
  to   space 2048K, 0% used [0x00000000eb100000,0x00000000eb100000,0x00000000eb300000)
 ParOldGen       total 351232K, used 350960K [0x00000000c0000000, 0x00000000d5700000, 0x00000000eab00000)
  object space 351232K, 99% used [0x00000000c0000000,0x00000000d56bc340,0x00000000d5700000)
 Metaspace       used 59851K, committed 61184K, reserved 1114112K
  class space    used 6175K, committed 6720K, reserved 1048576K
GC Heap History (20 events):
Event: 14.482 GC heap before
{Heap before GC invocations=329 (full 3):
 PSYoungGen      total 3584K, used 3268K [0x00000000eab00000, 0x00000000eb380000, 0x0000000100000000)
  eden space 2048K, 85% used [0x00000000eab00000,0x00000000eacb73c0,0x00000000ead00000)
  from space 1536K, 98% used [0x00000000eb080000,0x00000000eb1f9cc8,0x00000000eb200000)
  to   space 1536K, 0% used [0x00000000eb200000,0x00000000eb200000,0x00000000eb380000)
 ParOldGen       total 347136K, used 346647K [0x00000000c0000000, 0x00000000d5300000, 0x00000000eab00000)
  object space 347136K, 99% used [0x00000000c0000000,0x00000000d5285f78,0x00000000d5300000)
 Metaspace       used 57183K, committed 58432K, reserved 1114112K
  class space    used 5919K, committed 6464K, reserved 1048576K
}
Event: 14.484 GC heap after
{Heap after GC invocations=329 (full 3):
 PSYoungGen      total 4096K, used 1520K [0x00000000eab00000, 0x00000000eb480000, 0x0000000100000000)
  eden space 2560K, 0% used [0x00000000eab00000,0x00000000eab00000,0x00000000ead80000)
  from space 1536K, 98% used [0x00000000eb200000,0x00000000eb37c0b8,0x00000000eb380000)
  to   space 3584K, 0% used [0x00000000ead80000,0x00000000ead80000,0x00000000eb100000)
 ParOldGen       total 348160K, used 348079K [0x00000000c0000000, 0x00000000d5400000, 0x00000000eab00000)
  object space 348160K, 99% used [0x00000000c0000000,0x00000000d53ebd28,0x00000000d5400000)
 Metaspace       used 57183K, committed 58432K, reserved 1114112K
  class space    used 5919K, committed 6464K, reserved 1048576K
}
Event: 14.922 GC heap before
{Heap before GC invocations=330 (full 3):
 PSYoungGen      total 4096K, used 4080K [0x00000000eab00000, 0x00000000eb480000, 0x0000000100000000)
  eden space 2560K, 100% used [0x00000000eab00000,0x00000000ead80000,0x00000000ead80000)
  from space 1536K, 98% used [0x00000000eb200000,0x00000000eb37c0b8,0x00000000eb380000)
  to   space 3584K, 0% used [0x00000000ead80000,0x00000000ead80000,0x00000000eb100000)
 ParOldGen       total 348160K, used 348079K [0x00000000c0000000, 0x00000000d5400000, 0x00000000eab00000)
  object space 348160K, 99% used [0x00000000c0000000,0x00000000d53ebd28,0x00000000d5400000)
 Metaspace       used 57223K, committed 58432K, reserved 1114112K
  class space    used 5925K, committed 6464K, reserved 1048576K
}
Event: 14.924 GC heap after
{Heap after GC invocations=330 (full 3):
 PSYoungGen      total 4096K, used 1489K [0x00000000eab00000, 0x00000000eb280000, 0x0000000100000000)
  eden space 2560K, 0% used [0x00000000eab00000,0x00000000eab00000,0x00000000ead80000)
  from space 1536K, 96% used [0x00000000ead80000,0x00000000eaef4750,0x00000000eaf00000)
  to   space 2048K, 0% used [0x00000000eb080000,0x00000000eb080000,0x00000000eb280000)
 ParOldGen       total 348672K, used 348511K [0x00000000c0000000, 0x00000000d5480000, 0x00000000eab00000)
  object space 348672K, 99% used [0x00000000c0000000,0x00000000d5457d28,0x00000000d5480000)
 Metaspace       used 57223K, committed 58432K, reserved 1114112K
  class space    used 5925K, committed 6464K, reserved 1048576K
}
Event: 16.494 GC heap before
{Heap before GC invocations=331 (full 3):
 PSYoungGen      total 4096K, used 4049K [0x00000000eab00000, 0x00000000eb280000, 0x0000000100000000)
  eden space 2560K, 99% used [0x00000000eab00000,0x00000000ead7fff0,0x00000000ead80000)
  from space 1536K, 96% used [0x00000000ead80000,0x00000000eaef4750,0x00000000eaf00000)
  to   space 2048K, 0% used [0x00000000eb080000,0x00000000eb080000,0x00000000eb280000)
 ParOldGen       total 348672K, used 348511K [0x00000000c0000000, 0x00000000d5480000, 0x00000000eab00000)
  object space 348672K, 99% used [0x00000000c0000000,0x00000000d5457d28,0x00000000d5480000)
 Metaspace       used 57305K, committed 58560K, reserved 1114112K
  class space    used 5935K, committed 6528K, reserved 1048576K
}
Event: 16.496 GC heap after
{Heap after GC invocations=331 (full 3):
 PSYoungGen      total 3584K, used 448K [0x00000000eab00000, 0x00000000eb100000, 0x0000000100000000)
  eden space 3072K, 0% used [0x00000000eab00000,0x00000000eab00000,0x00000000eae00000)
  from space 512K, 87% used [0x00000000eb080000,0x00000000eb0f0240,0x00000000eb100000)
  to   space 1024K, 0% used [0x00000000eaf00000,0x00000000eaf00000,0x00000000eb000000)
 ParOldGen       total 350208K, used 349891K [0x00000000c0000000, 0x00000000d5600000, 0x00000000eab00000)
  object space 350208K, 99% used [0x00000000c0000000,0x00000000d55b0d10,0x00000000d5600000)
 Metaspace       used 57305K, committed 58560K, reserved 1114112K
  class space    used 5935K, committed 6528K, reserved 1048576K
}
Event: 16.543 GC heap before
{Heap before GC invocations=332 (full 3):
 PSYoungGen      total 3584K, used 3457K [0x00000000eab00000, 0x00000000eb100000, 0x0000000100000000)
  eden space 3072K, 97% used [0x00000000eab00000,0x00000000eadf0200,0x00000000eae00000)
  from space 512K, 87% used [0x00000000eb080000,0x00000000eb0f0240,0x00000000eb100000)
  to   space 1024K, 0% used [0x00000000eaf00000,0x00000000eaf00000,0x00000000eb000000)
 ParOldGen       total 350208K, used 349891K [0x00000000c0000000, 0x00000000d5600000, 0x00000000eab00000)
  object space 350208K, 99% used [0x00000000c0000000,0x00000000d55b0d10,0x00000000d5600000)
 Metaspace       used 57609K, committed 58880K, reserved 1114112K
  class space    used 6001K, committed 6592K, reserved 1048576K
}
Event: 16.544 GC heap after
{Heap after GC invocations=332 (full 3):
 PSYoungGen      total 5120K, used 256K [0x00000000eab00000, 0x00000000eb100000, 0x0000000100000000)
  eden space 4096K, 0% used [0x00000000eab00000,0x00000000eab00000,0x00000000eaf00000)
  from space 1024K, 25% used [0x00000000eaf00000,0x00000000eaf40020,0x00000000eb000000)
  to   space 512K, 0% used [0x00000000eb080000,0x00000000eb080000,0x00000000eb100000)
 ParOldGen       total 350208K, used 349975K [0x00000000c0000000, 0x00000000d5600000, 0x00000000eab00000)
  object space 350208K, 99% used [0x00000000c0000000,0x00000000d55c5c48,0x00000000d5600000)
 Metaspace       used 57609K, committed 58880K, reserved 1114112K
  class space    used 6001K, committed 6592K, reserved 1048576K
}
Event: 16.618 GC heap before
{Heap before GC invocations=333 (full 3):
 PSYoungGen      total 5120K, used 4352K [0x00000000eab00000, 0x00000000eb100000, 0x0000000100000000)
  eden space 4096K, 100% used [0x00000000eab00000,0x00000000eaf00000,0x00000000eaf00000)
  from space 1024K, 25% used [0x00000000eaf00000,0x00000000eaf40020,0x00000000eb000000)
  to   space 512K, 0% used [0x00000000eb080000,0x00000000eb080000,0x00000000eb100000)
 ParOldGen       total 350208K, used 349975K [0x00000000c0000000, 0x00000000d5600000, 0x00000000eab00000)
  object space 350208K, 99% used [0x00000000c0000000,0x00000000d55c5c48,0x00000000d5600000)
 Metaspace       used 58124K, committed 59392K, reserved 1114112K
  class space    used 6050K, committed 6592K, reserved 1048576K
}
Event: 16.620 GC heap after
{Heap after GC invocations=333 (full 3):
 PSYoungGen      total 4608K, used 312K [0x00000000eab00000, 0x00000000eb100000, 0x0000000100000000)
  eden space 4096K, 0% used [0x00000000eab00000,0x00000000eab00000,0x00000000eaf00000)
  from space 512K, 60% used [0x00000000eb080000,0x00000000eb0ce110,0x00000000eb100000)
  to   space 512K, 0% used [0x00000000eb000000,0x00000000eb000000,0x00000000eb080000)
 ParOldGen       total 350208K, used 350111K [0x00000000c0000000, 0x00000000d5600000, 0x00000000eab00000)
  object space 350208K, 99% used [0x00000000c0000000,0x00000000d55e7c68,0x00000000d5600000)
 Metaspace       used 58124K, committed 59392K, reserved 1114112K
  class space    used 6050K, committed 6592K, reserved 1048576K
}
Event: 16.720 GC heap before
{Heap before GC invocations=334 (full 3):
 PSYoungGen      total 4608K, used 4408K [0x00000000eab00000, 0x00000000eb100000, 0x0000000100000000)
  eden space 4096K, 100% used [0x00000000eab00000,0x00000000eaf00000,0x00000000eaf00000)
  from space 512K, 60% used [0x00000000eb080000,0x00000000eb0ce110,0x00000000eb100000)
  to   space 512K, 0% used [0x00000000eb000000,0x00000000eb000000,0x00000000eb080000)
 ParOldGen       total 350208K, used 350111K [0x00000000c0000000, 0x00000000d5600000, 0x00000000eab00000)
  object space 350208K, 99% used [0x00000000c0000000,0x00000000d55e7c68,0x00000000d5600000)
 Metaspace       used 58523K, committed 59840K, reserved 1114112K
  class space    used 6091K, committed 6656K, reserved 1048576K
}
Event: 16.721 GC heap after
{Heap after GC invocations=334 (full 3):
 PSYoungGen      total 4608K, used 491K [0x00000000eab00000, 0x00000000eb100000, 0x0000000100000000)
  eden space 4096K, 0% used [0x00000000eab00000,0x00000000eab00000,0x00000000eaf00000)
  from space 512K, 96% used [0x00000000eb000000,0x00000000eb07af38,0x00000000eb080000)
  to   space 512K, 0% used [0x00000000eb080000,0x00000000eb080000,0x00000000eb100000)
 ParOldGen       total 350208K, used 350119K [0x00000000c0000000, 0x00000000d5600000, 0x00000000eab00000)
  object space 350208K, 99% used [0x00000000c0000000,0x00000000d55e9c68,0x00000000d5600000)
 Metaspace       used 58523K, committed 59840K, reserved 1114112K
  class space    used 6091K, committed 6656K, reserved 1048576K
}
Event: 16.828 GC heap before
{Heap before GC invocations=335 (full 3):
 PSYoungGen      total 4608K, used 4587K [0x00000000eab00000, 0x00000000eb100000, 0x0000000100000000)
  eden space 4096K, 100% used [0x00000000eab00000,0x00000000eaf00000,0x00000000eaf00000)
  from space 512K, 96% used [0x00000000eb000000,0x00000000eb07af38,0x00000000eb080000)
  to   space 512K, 0% used [0x00000000eb080000,0x00000000eb080000,0x00000000eb100000)
 ParOldGen       total 350208K, used 350119K [0x00000000c0000000, 0x00000000d5600000, 0x00000000eab00000)
  object space 350208K, 99% used [0x00000000c0000000,0x00000000d55e9c68,0x00000000d5600000)
 Metaspace       used 58753K, committed 60096K, reserved 1114112K
  class space    used 6114K, committed 6656K, reserved 1048576K
}
Event: 16.830 GC heap after
{Heap after GC invocations=335 (full 3):
 PSYoungGen      total 4608K, used 512K [0x00000000eab00000, 0x00000000eb200000, 0x0000000100000000)
  eden space 4096K, 0% used [0x00000000eab00000,0x00000000eab00000,0x00000000eaf00000)
  from space 512K, 100% used [0x00000000eb080000,0x00000000eb100000,0x00000000eb100000)
  to   space 1536K, 0% used [0x00000000eaf00000,0x00000000eaf00000,0x00000000eb080000)
 ParOldGen       total 350720K, used 350550K [0x00000000c0000000, 0x00000000d5680000, 0x00000000eab00000)
  object space 350720K, 99% used [0x00000000c0000000,0x00000000d5655880,0x00000000d5680000)
 Metaspace       used 58753K, committed 60096K, reserved 1114112K
  class space    used 6114K, committed 6656K, reserved 1048576K
}
Event: 16.944 GC heap before
{Heap before GC invocations=336 (full 3):
 PSYoungGen      total 4608K, used 4535K [0x00000000eab00000, 0x00000000eb200000, 0x0000000100000000)
  eden space 4096K, 98% used [0x00000000eab00000,0x00000000eaeedd30,0x00000000eaf00000)
  from space 512K, 100% used [0x00000000eb080000,0x00000000eb100000,0x00000000eb100000)
  to   space 1536K, 0% used [0x00000000eaf00000,0x00000000eaf00000,0x00000000eb080000)
 ParOldGen       total 350720K, used 350550K [0x00000000c0000000, 0x00000000d5680000, 0x00000000eab00000)
  object space 350720K, 99% used [0x00000000c0000000,0x00000000d5655880,0x00000000d5680000)
 Metaspace       used 59196K, committed 60544K, reserved 1114112K
  class space    used 6136K, committed 6720K, reserved 1048576K
}
Event: 16.946 GC heap after
{Heap after GC invocations=336 (full 3):
 PSYoungGen      total 5632K, used 1211K [0x00000000eab00000, 0x00000000eb200000, 0x0000000100000000)
  eden space 4096K, 0% used [0x00000000eab00000,0x00000000eab00000,0x00000000eaf00000)
  from space 1536K, 78% used [0x00000000eaf00000,0x00000000eb02ed58,0x00000000eb080000)
  to   space 1536K, 0% used [0x00000000eb080000,0x00000000eb080000,0x00000000eb200000)
 ParOldGen       total 351232K, used 350755K [0x00000000c0000000, 0x00000000d5700000, 0x00000000eab00000)
  object space 351232K, 99% used [0x00000000c0000000,0x00000000d5688eb0,0x00000000d5700000)
 Metaspace       used 59196K, committed 60544K, reserved 1114112K
  class space    used 6136K, committed 6720K, reserved 1048576K
}
Event: 17.699 GC heap before
{Heap before GC invocations=337 (full 3):
 PSYoungGen      total 5632K, used 5307K [0x00000000eab00000, 0x00000000eb200000, 0x0000000100000000)
  eden space 4096K, 99% used [0x00000000eab00000,0x00000000eaefffe0,0x00000000eaf00000)
  from space 1536K, 78% used [0x00000000eaf00000,0x00000000eb02ed58,0x00000000eb080000)
  to   space 1536K, 0% used [0x00000000eb080000,0x00000000eb080000,0x00000000eb200000)
 ParOldGen       total 351232K, used 350755K [0x00000000c0000000, 0x00000000d5700000, 0x00000000eab00000)
  object space 351232K, 99% used [0x00000000c0000000,0x00000000d5688eb0,0x00000000d5700000)
 Metaspace       used 59548K, committed 60864K, reserved 1114112K
  class space    used 6171K, committed 6720K, reserved 1048576K
}
Event: 17.700 GC heap after
{Heap after GC invocations=337 (full 3):
 PSYoungGen      total 5632K, used 1376K [0x00000000eab00000, 0x00000000eb200000, 0x0000000100000000)
  eden space 4096K, 0% used [0x00000000eab00000,0x00000000eab00000,0x00000000eaf00000)
  from space 1536K, 89% used [0x00000000eb080000,0x00000000eb1d8000,0x00000000eb200000)
  to   space 1536K, 0% used [0x00000000eaf00000,0x00000000eaf00000,0x00000000eb080000)
 ParOldGen       total 351232K, used 350763K [0x00000000c0000000, 0x00000000d5700000, 0x00000000eab00000)
  object space 351232K, 99% used [0x00000000c0000000,0x00000000d568aeb0,0x00000000d5700000)
 Metaspace       used 59548K, committed 60864K, reserved 1114112K
  class space    used 6171K, committed 6720K, reserved 1048576K
}
Event: 17.754 GC heap before
{Heap before GC invocations=338 (full 3):
 PSYoungGen      total 5632K, used 5472K [0x00000000eab00000, 0x00000000eb200000, 0x0000000100000000)
  eden space 4096K, 100% used [0x00000000eab00000,0x00000000eaf00000,0x00000000eaf00000)
  from space 1536K, 89% used [0x00000000eb080000,0x00000000eb1d8000,0x00000000eb200000)
  to   space 1536K, 0% used [0x00000000eaf00000,0x00000000eaf00000,0x00000000eb080000)
 ParOldGen       total 351232K, used 350763K [0x00000000c0000000, 0x00000000d5700000, 0x00000000eab00000)
  object space 351232K, 99% used [0x00000000c0000000,0x00000000d568aeb0,0x00000000d5700000)
 Metaspace       used 59674K, committed 60992K, reserved 1114112K
  class space    used 6173K, committed 6720K, reserved 1048576K
}
Event: 17.757 GC heap after
{Heap after GC invocations=338 (full 3):
 PSYoungGen      total 5632K, used 1531K [0x00000000eab00000, 0x00000000eb300000, 0x0000000100000000)
  eden space 4096K, 0% used [0x00000000eab00000,0x00000000eab00000,0x00000000eaf00000)
  from space 1536K, 99% used [0x00000000eaf00000,0x00000000eb07ef28,0x00000000eb080000)
  to   space 2048K, 0% used [0x00000000eb100000,0x00000000eb100000,0x00000000eb300000)
 ParOldGen       total 351232K, used 350960K [0x00000000c0000000, 0x00000000d5700000, 0x00000000eab00000)
  object space 351232K, 99% used [0x00000000c0000000,0x00000000d56bc340,0x00000000d5700000)
 Metaspace       used 59674K, committed 60992K, reserved 1114112K
  class space    used 6173K, committed 6720K, reserved 1048576K
}

