# JRE version: OpenJDK Runtime Environment Temurin-21.0.6+7 (21.0.6+7) (build 21.0.6+7-LTS)
# Java VM: OpenJDK 64-Bit Server VM Temurin-21.0.6+7 (21.0.6+7-LTS, mixed mode, sharing, tiered, compressed oops, compressed class ptrs, parallel gc, windows-amd64)
GC Precious Log:
 CardTable entry size: 512
 CPUs: 8 total, 8 available
 Memory: 16122M
 Large Page Support: Disabled
 NUMA Support: Disabled
 Compressed Oops: Enabled (32-bit)
 Alignments: Space 512K, Generation 512K, Heap 2M
 Heap Min Capacity: 100M
 Heap Initial Capacity: 100M
 Heap Max Capacity: 1G
 Pre-touch: Disabled
 Parallel Workers: 8
Heap:
 PSYoungGen      total 6656K, used 1879K [0x00000000eab00000, 0x00000000eb280000, 0x0000000100000000)
  eden space 5632K, 25% used [0x00000000eab00000,0x00000000eac6b0d8,0x00000000eb080000)
  from space 1024K, 41% used [0x00000000eb100000,0x00000000eb16af20,0x00000000eb200000)
  to   space 512K, 0% used [0x00000000eb200000,0x00000000eb200000,0x00000000eb280000)
 ParOldGen       total 511488K, used 511136K [0x00000000c0000000, 0x00000000df380000, 0x00000000eab00000)
  object space 511488K, 99% used [0x00000000c0000000,0x00000000df328168,0x00000000df380000)
 Metaspace       used 69959K, committed 71488K, reserved 1114112K
  class space    used 7018K, committed 7680K, reserved 1048576K
GC Heap History (20 events):
Event: 47.395 GC heap before
{Heap before GC invocations=386 (full 3):
 PSYoungGen      total 6144K, used 5888K [0x00000000eab00000, 0x00000000eb200000, 0x0000000100000000)
  eden space 5632K, 100% used [0x00000000eab00000,0x00000000eb080000,0x00000000eb080000)
  from space 512K, 50% used [0x00000000eb180000,0x00000000eb1c0000,0x00000000eb200000)
  to   space 512K, 0% used [0x00000000eb100000,0x00000000eb100000,0x00000000eb180000)
 ParOldGen       total 507392K, used 506929K [0x00000000c0000000, 0x00000000def80000, 0x00000000eab00000)
  object space 507392K, 99% used [0x00000000c0000000,0x00000000def0c740,0x00000000def80000)
 Metaspace       used 68699K, committed 70208K, reserved 1114112K
  class space    used 6866K, committed 7552K, reserved 1048576K
}
Event: 47.398 GC heap after
{Heap after GC invocations=386 (full 3):
 PSYoungGen      total 6144K, used 512K [0x00000000eab00000, 0x00000000eb280000, 0x0000000100000000)
  eden space 5632K, 0% used [0x00000000eab00000,0x00000000eab00000,0x00000000eb080000)
  from space 512K, 100% used [0x00000000eb100000,0x00000000eb180000,0x00000000eb180000)
  to   space 1024K, 0% used [0x00000000eb180000,0x00000000eb180000,0x00000000eb280000)
 ParOldGen       total 507392K, used 507069K [0x00000000c0000000, 0x00000000def80000, 0x00000000eab00000)
  object space 507392K, 99% used [0x00000000c0000000,0x00000000def2f628,0x00000000def80000)
 Metaspace       used 68699K, committed 70208K, reserved 1114112K
  class space    used 6866K, committed 7552K, reserved 1048576K
}
Event: 47.479 GC heap before
{Heap before GC invocations=387 (full 3):
 PSYoungGen      total 6144K, used 5398K [0x00000000eab00000, 0x00000000eb280000, 0x0000000100000000)
  eden space 5632K, 86% used [0x00000000eab00000,0x00000000eafc5bc8,0x00000000eb080000)
  from space 512K, 100% used [0x00000000eb100000,0x00000000eb180000,0x00000000eb180000)
  to   space 1024K, 0% used [0x00000000eb180000,0x00000000eb180000,0x00000000eb280000)
 ParOldGen       total 507392K, used 507069K [0x00000000c0000000, 0x00000000def80000, 0x00000000eab00000)
  object space 507392K, 99% used [0x00000000c0000000,0x00000000def2f628,0x00000000def80000)
 Metaspace       used 68727K, committed 70208K, reserved 1114112K
  class space    used 6873K, committed 7552K, reserved 1048576K
}
Event: 47.482 GC heap after
{Heap after GC invocations=387 (full 3):
 PSYoungGen      total 6656K, used 928K [0x00000000eab00000, 0x00000000eb280000, 0x0000000100000000)
  eden space 5632K, 0% used [0x00000000eab00000,0x00000000eab00000,0x00000000eb080000)
  from space 1024K, 90% used [0x00000000eb180000,0x00000000eb268010,0x00000000eb280000)
  to   space 1024K, 0% used [0x00000000eb080000,0x00000000eb080000,0x00000000eb180000)
 ParOldGen       total 507904K, used 507562K [0x00000000c0000000, 0x00000000df000000, 0x00000000eab00000)
  object space 507904K, 99% used [0x00000000c0000000,0x00000000defaaaa8,0x00000000df000000)
 Metaspace       used 68727K, committed 70208K, reserved 1114112K
  class space    used 6873K, committed 7552K, reserved 1048576K
}
Event: 47.575 GC heap before
{Heap before GC invocations=388 (full 3):
 PSYoungGen      total 6656K, used 6560K [0x00000000eab00000, 0x00000000eb280000, 0x0000000100000000)
  eden space 5632K, 100% used [0x00000000eab00000,0x00000000eb080000,0x00000000eb080000)
  from space 1024K, 90% used [0x00000000eb180000,0x00000000eb268010,0x00000000eb280000)
  to   space 1024K, 0% used [0x00000000eb080000,0x00000000eb080000,0x00000000eb180000)
 ParOldGen       total 507904K, used 507562K [0x00000000c0000000, 0x00000000df000000, 0x00000000eab00000)
  object space 507904K, 99% used [0x00000000c0000000,0x00000000defaaaa8,0x00000000df000000)
 Metaspace       used 68729K, committed 70208K, reserved 1114112K
  class space    used 6873K, committed 7552K, reserved 1048576K
}
Event: 47.580 GC heap after
{Heap after GC invocations=388 (full 3):
 PSYoungGen      total 6656K, used 256K [0x00000000eab00000, 0x00000000eb200000, 0x0000000100000000)
  eden space 5632K, 0% used [0x00000000eab00000,0x00000000eab00000,0x00000000eb080000)
  from space 1024K, 25% used [0x00000000eb080000,0x00000000eb0c0000,0x00000000eb180000)
  to   space 512K, 0% used [0x00000000eb180000,0x00000000eb180000,0x00000000eb200000)
 ParOldGen       total 508416K, used 508236K [0x00000000c0000000, 0x00000000df080000, 0x00000000eab00000)
  object space 508416K, 99% used [0x00000000c0000000,0x00000000df0532b0,0x00000000df080000)
 Metaspace       used 68729K, committed 70208K, reserved 1114112K
  class space    used 6873K, committed 7552K, reserved 1048576K
}
Event: 47.803 GC heap before
{Heap before GC invocations=389 (full 3):
 PSYoungGen      total 6656K, used 5888K [0x00000000eab00000, 0x00000000eb200000, 0x0000000100000000)
  eden space 5632K, 100% used [0x00000000eab00000,0x00000000eb080000,0x00000000eb080000)
  from space 1024K, 25% used [0x00000000eb080000,0x00000000eb0c0000,0x00000000eb180000)
  to   space 512K, 0% used [0x00000000eb180000,0x00000000eb180000,0x00000000eb200000)
 ParOldGen       total 508416K, used 508236K [0x00000000c0000000, 0x00000000df080000, 0x00000000eab00000)
  object space 508416K, 99% used [0x00000000c0000000,0x00000000df0532b0,0x00000000df080000)
 Metaspace       used 69468K, committed 71040K, reserved 1114112K
  class space    used 6971K, committed 7680K, reserved 1048576K
}
Event: 47.805 GC heap after
{Heap after GC invocations=389 (full 3):
 PSYoungGen      total 6144K, used 511K [0x00000000eab00000, 0x00000000eb280000, 0x0000000100000000)
  eden space 5632K, 0% used [0x00000000eab00000,0x00000000eab00000,0x00000000eb080000)
  from space 512K, 99% used [0x00000000eb180000,0x00000000eb1ffc58,0x00000000eb200000)
  to   space 1024K, 0% used [0x00000000eb080000,0x00000000eb080000,0x00000000eb180000)
 ParOldGen       total 508416K, used 508300K [0x00000000c0000000, 0x00000000df080000, 0x00000000eab00000)
  object space 508416K, 99% used [0x00000000c0000000,0x00000000df0632b0,0x00000000df080000)
 Metaspace       used 69468K, committed 71040K, reserved 1114112K
  class space    used 6971K, committed 7680K, reserved 1048576K
}
Event: 58.651 GC heap before
{Heap before GC invocations=390 (full 3):
 PSYoungGen      total 6144K, used 6143K [0x00000000eab00000, 0x00000000eb280000, 0x0000000100000000)
  eden space 5632K, 100% used [0x00000000eab00000,0x00000000eb080000,0x00000000eb080000)
  from space 512K, 99% used [0x00000000eb180000,0x00000000eb1ffc58,0x00000000eb200000)
  to   space 1024K, 0% used [0x00000000eb080000,0x00000000eb080000,0x00000000eb180000)
 ParOldGen       total 508416K, used 508300K [0x00000000c0000000, 0x00000000df080000, 0x00000000eab00000)
  object space 508416K, 99% used [0x00000000c0000000,0x00000000df0632b0,0x00000000df080000)
 Metaspace       used 69826K, committed 71360K, reserved 1114112K
  class space    used 7014K, committed 7680K, reserved 1048576K
}
Event: 58.653 GC heap after
{Heap after GC invocations=390 (full 3):
 PSYoungGen      total 6656K, used 256K [0x00000000eab00000, 0x00000000eb200000, 0x0000000100000000)
  eden space 5632K, 0% used [0x00000000eab00000,0x00000000eab00000,0x00000000eb080000)
  from space 1024K, 25% used [0x00000000eb080000,0x00000000eb0c0000,0x00000000eb180000)
  to   space 512K, 0% used [0x00000000eb180000,0x00000000eb180000,0x00000000eb200000)
 ParOldGen       total 508928K, used 508629K [0x00000000c0000000, 0x00000000df100000, 0x00000000eab00000)
  object space 508928K, 99% used [0x00000000c0000000,0x00000000df0b5418,0x00000000df100000)
 Metaspace       used 69826K, committed 71360K, reserved 1114112K
  class space    used 7014K, committed 7680K, reserved 1048576K
}
Event: 60.345 GC heap before
{Heap before GC invocations=391 (full 3):
 PSYoungGen      total 6656K, used 5887K [0x00000000eab00000, 0x00000000eb200000, 0x0000000100000000)
  eden space 5632K, 99% used [0x00000000eab00000,0x00000000eb07fc40,0x00000000eb080000)
  from space 1024K, 25% used [0x00000000eb080000,0x00000000eb0c0000,0x00000000eb180000)
  to   space 512K, 0% used [0x00000000eb180000,0x00000000eb180000,0x00000000eb200000)
 ParOldGen       total 508928K, used 508629K [0x00000000c0000000, 0x00000000df100000, 0x00000000eab00000)
  object space 508928K, 99% used [0x00000000c0000000,0x00000000df0b5418,0x00000000df100000)
 Metaspace       used 69843K, committed 71360K, reserved 1114112K
  class space    used 7014K, committed 7680K, reserved 1048576K
}
Event: 60.347 GC heap after
{Heap after GC invocations=391 (full 3):
 PSYoungGen      total 6144K, used 443K [0x00000000eab00000, 0x00000000eb200000, 0x0000000100000000)
  eden space 5632K, 0% used [0x00000000eab00000,0x00000000eab00000,0x00000000eb080000)
  from space 512K, 86% used [0x00000000eb180000,0x00000000eb1eeeb8,0x00000000eb200000)
  to   space 512K, 0% used [0x00000000eb100000,0x00000000eb100000,0x00000000eb180000)
 ParOldGen       total 509440K, used 509087K [0x00000000c0000000, 0x00000000df180000, 0x00000000eab00000)
  object space 509440K, 99% used [0x00000000c0000000,0x00000000df127f90,0x00000000df180000)
 Metaspace       used 69843K, committed 71360K, reserved 1114112K
  class space    used 7014K, committed 7680K, reserved 1048576K
}
Event: 61.467 GC heap before
{Heap before GC invocations=392 (full 3):
 PSYoungGen      total 6144K, used 6075K [0x00000000eab00000, 0x00000000eb200000, 0x0000000100000000)
  eden space 5632K, 99% used [0x00000000eab00000,0x00000000eb07fe30,0x00000000eb080000)
  from space 512K, 86% used [0x00000000eb180000,0x00000000eb1eeeb8,0x00000000eb200000)
  to   space 512K, 0% used [0x00000000eb100000,0x00000000eb100000,0x00000000eb180000)
 ParOldGen       total 509440K, used 509087K [0x00000000c0000000, 0x00000000df180000, 0x00000000eab00000)
  object space 509440K, 99% used [0x00000000c0000000,0x00000000df127f90,0x00000000df180000)
 Metaspace       used 69851K, committed 71360K, reserved 1114112K
  class space    used 7014K, committed 7680K, reserved 1048576K
}
Event: 61.469 GC heap after
{Heap after GC invocations=392 (full 3):
 PSYoungGen      total 6144K, used 352K [0x00000000eab00000, 0x00000000eb200000, 0x0000000100000000)
  eden space 5632K, 0% used [0x00000000eab00000,0x00000000eab00000,0x00000000eb080000)
  from space 512K, 68% used [0x00000000eb100000,0x00000000eb158020,0x00000000eb180000)
  to   space 512K, 0% used [0x00000000eb180000,0x00000000eb180000,0x00000000eb200000)
 ParOldGen       total 509440K, used 509319K [0x00000000c0000000, 0x00000000df180000, 0x00000000eab00000)
  object space 509440K, 99% used [0x00000000c0000000,0x00000000df161fb0,0x00000000df180000)
 Metaspace       used 69851K, committed 71360K, reserved 1114112K
  class space    used 7014K, committed 7680K, reserved 1048576K
}
Event: 63.427 GC heap before
{Heap before GC invocations=393 (full 3):
 PSYoungGen      total 6144K, used 5984K [0x00000000eab00000, 0x00000000eb200000, 0x0000000100000000)
  eden space 5632K, 100% used [0x00000000eab00000,0x00000000eb080000,0x00000000eb080000)
  from space 512K, 68% used [0x00000000eb100000,0x00000000eb158020,0x00000000eb180000)
  to   space 512K, 0% used [0x00000000eb180000,0x00000000eb180000,0x00000000eb200000)
 ParOldGen       total 509440K, used 509319K [0x00000000c0000000, 0x00000000df180000, 0x00000000eab00000)
  object space 509440K, 99% used [0x00000000c0000000,0x00000000df161fb0,0x00000000df180000)
 Metaspace       used 69860K, committed 71360K, reserved 1114112K
  class space    used 7014K, committed 7680K, reserved 1048576K
}
Event: 63.429 GC heap after
{Heap after GC invocations=393 (full 3):
 PSYoungGen      total 6144K, used 487K [0x00000000eab00000, 0x00000000eb200000, 0x0000000100000000)
  eden space 5632K, 0% used [0x00000000eab00000,0x00000000eab00000,0x00000000eb080000)
  from space 512K, 95% used [0x00000000eb180000,0x00000000eb1f9d60,0x00000000eb200000)
  to   space 512K, 0% used [0x00000000eb100000,0x00000000eb100000,0x00000000eb180000)
 ParOldGen       total 509440K, used 509431K [0x00000000c0000000, 0x00000000df180000, 0x00000000eab00000)
  object space 509440K, 99% used [0x00000000c0000000,0x00000000df17dfd0,0x00000000df180000)
 Metaspace       used 69860K, committed 71360K, reserved 1114112K
  class space    used 7014K, committed 7680K, reserved 1048576K
}
Event: 65.577 GC heap before
{Heap before GC invocations=394 (full 3):
 PSYoungGen      total 6144K, used 6119K [0x00000000eab00000, 0x00000000eb200000, 0x0000000100000000)
  eden space 5632K, 99% used [0x00000000eab00000,0x00000000eb07fff8,0x00000000eb080000)
  from space 512K, 95% used [0x00000000eb180000,0x00000000eb1f9d60,0x00000000eb200000)
  to   space 512K, 0% used [0x00000000eb100000,0x00000000eb100000,0x00000000eb180000)
 ParOldGen       total 509440K, used 509431K [0x00000000c0000000, 0x00000000df180000, 0x00000000eab00000)
  object space 509440K, 99% used [0x00000000c0000000,0x00000000df17dfd0,0x00000000df180000)
 Metaspace       used 69918K, committed 71424K, reserved 1114112K
  class space    used 7018K, committed 7680K, reserved 1048576K
}
Event: 65.579 GC heap after
{Heap after GC invocations=394 (full 3):
 PSYoungGen      total 6144K, used 512K [0x00000000eab00000, 0x00000000eb380000, 0x0000000100000000)
  eden space 5632K, 0% used [0x00000000eab00000,0x00000000eab00000,0x00000000eb080000)
  from space 512K, 100% used [0x00000000eb100000,0x00000000eb180000,0x00000000eb180000)
  to   space 1536K, 0% used [0x00000000eb200000,0x00000000eb200000,0x00000000eb380000)
 ParOldGen       total 510464K, used 510101K [0x00000000c0000000, 0x00000000df280000, 0x00000000eab00000)
  object space 510464K, 99% used [0x00000000c0000000,0x00000000df2257c8,0x00000000df280000)
 Metaspace       used 69918K, committed 71424K, reserved 1114112K
  class space    used 7018K, committed 7680K, reserved 1048576K
}
Event: 67.212 GC heap before
{Heap before GC invocations=395 (full 3):
 PSYoungGen      total 6144K, used 6144K [0x00000000eab00000, 0x00000000eb380000, 0x0000000100000000)
  eden space 5632K, 100% used [0x00000000eab00000,0x00000000eb080000,0x00000000eb080000)
  from space 512K, 100% used [0x00000000eb100000,0x00000000eb180000,0x00000000eb180000)
  to   space 1536K, 0% used [0x00000000eb200000,0x00000000eb200000,0x00000000eb380000)
 ParOldGen       total 510464K, used 510101K [0x00000000c0000000, 0x00000000df280000, 0x00000000eab00000)
  object space 510464K, 99% used [0x00000000c0000000,0x00000000df2257c8,0x00000000df280000)
 Metaspace       used 69936K, committed 71424K, reserved 1114112K
  class space    used 7018K, committed 7680K, reserved 1048576K
}
Event: 67.215 GC heap after
{Heap after GC invocations=395 (full 3):
 PSYoungGen      total 6656K, used 544K [0x00000000eab00000, 0x00000000eb300000, 0x0000000100000000)
  eden space 5632K, 0% used [0x00000000eab00000,0x00000000eab00000,0x00000000eb080000)
  from space 1024K, 53% used [0x00000000eb200000,0x00000000eb288000,0x00000000eb300000)
  to   space 1024K, 0% used [0x00000000eb100000,0x00000000eb100000,0x00000000eb200000)
 ParOldGen       total 510976K, used 510665K [0x00000000c0000000, 0x00000000df300000, 0x00000000eab00000)
  object space 510976K, 99% used [0x00000000c0000000,0x00000000df2b26f0,0x00000000df300000)
 Metaspace       used 69936K, committed 71424K, reserved 1114112K
  class space    used 7018K, committed 7680K, reserved 1048576K
}

